<?xml version="1.0" encoding="UTF-8"?>
<!-- Generated by org.testng.reporters.JUnitXMLReporter -->
<testsuite hostname="BDC11-L-7200HHJ" name="Default test" tests="3" failures="0" timestamp="19 Aug 2018 18:01:28 GMT" time="37.244" errors="0">
  <testcase name="loginpagetitletest" time="0.137" classname="com.mascamo.qa.testcases.LoginPageTest"/>
  <testcase name="loginpageCRMimage" time="0.116" classname="com.mascamo.qa.testcases.LoginPageTest"/>
  <testcase name="loginTest" time="17.94" classname="com.mascamo.qa.testcases.LoginPageTest"/>
</testsuite> <!-- Default test -->
