<?xml version="1.0" encoding="UTF-8"?>
<testng-results skipped="0" failed="0" total="3" passed="3">
  <reporter-output>
  </reporter-output>
  <suite name="Default suite" duration-ms="37244" started-at="2018-08-19T18:00:50Z" finished-at="2018-08-19T18:01:28Z">
    <groups>
    </groups>
    <test name="Default test" duration-ms="37244" started-at="2018-08-19T18:00:50Z" finished-at="2018-08-19T18:01:28Z">
      <class name="com.mascamo.qa.testcases.LoginPageTest">
        <test-method status="PASS" signature="setup()[pri:0, instance:com.mascamo.qa.testcases.LoginPageTest@61832929]" name="setup" is-config="true" duration-ms="18070" started-at="2018-08-19T23:30:50Z" finished-at="2018-08-19T23:31:08Z">
          <reporter-output>
          </reporter-output>
        </test-method> <!-- setup -->
        <test-method status="PASS" signature="loginpagetitletest()[pri:0, instance:com.mascamo.qa.testcases.LoginPageTest@61832929]" name="loginpagetitletest" duration-ms="137" started-at="2018-08-19T23:31:08Z" finished-at="2018-08-19T23:31:09Z">
          <reporter-output>
          </reporter-output>
        </test-method> <!-- loginpagetitletest -->
        <test-method status="PASS" signature="loginpageCRMimage()[pri:0, instance:com.mascamo.qa.testcases.LoginPageTest@61832929]" name="loginpageCRMimage" duration-ms="116" started-at="2018-08-19T23:31:09Z" finished-at="2018-08-19T23:31:09Z">
          <reporter-output>
          </reporter-output>
        </test-method> <!-- loginpageCRMimage -->
        <test-method status="PASS" signature="loginTest()[pri:0, instance:com.mascamo.qa.testcases.LoginPageTest@61832929]" name="loginTest" duration-ms="17940" started-at="2018-08-19T23:31:09Z" finished-at="2018-08-19T23:31:27Z">
          <reporter-output>
          </reporter-output>
        </test-method> <!-- loginTest -->
        <test-method status="PASS" signature="teardown()[pri:0, instance:com.mascamo.qa.testcases.LoginPageTest@61832929]" name="teardown" is-config="true" duration-ms="949" started-at="2018-08-19T23:31:27Z" finished-at="2018-08-19T23:31:28Z">
          <reporter-output>
          </reporter-output>
        </test-method> <!-- teardown -->
      </class> <!-- com.mascamo.qa.testcases.LoginPageTest -->
    </test> <!-- Default test -->
  </suite> <!-- Default suite -->
</testng-results>
