<?xml version="1.0" encoding="UTF-8"?>
<testng-results skipped="0" failed="0" total="1" passed="1">
  <reporter-output>
  </reporter-output>
  <suite name="Default suite" duration-ms="28106" started-at="2018-09-04T09:46:18Z" finished-at="2018-09-04T09:46:46Z">
    <groups>
    </groups>
    <test name="Default test" duration-ms="28106" started-at="2018-09-04T09:46:18Z" finished-at="2018-09-04T09:46:46Z">
      <class name="com.mascamo.qa.testcases.HomePageTest">
        <test-method status="PASS" signature="setup()[pri:0, instance:com.mascamo.qa.testcases.HomePageTest@3ffc5af1]" name="setup" is-config="true" duration-ms="24416" started-at="2018-09-04T15:16:18Z" finished-at="2018-09-04T15:16:43Z">
          <reporter-output>
          </reporter-output>
        </test-method> <!-- setup -->
        <test-method status="PASS" signature="VerifyNewContactLinkTest()[pri:0, instance:com.mascamo.qa.testcases.HomePageTest@3ffc5af1]" name="VerifyNewContactLinkTest" duration-ms="2706" started-at="2018-09-04T15:16:43Z" finished-at="2018-09-04T15:16:45Z">
          <reporter-output>
          </reporter-output>
        </test-method> <!-- VerifyNewContactLinkTest -->
        <test-method status="PASS" signature="teardown()[pri:0, instance:com.mascamo.qa.testcases.HomePageTest@3ffc5af1]" name="teardown" is-config="true" duration-ms="961" started-at="2018-09-04T15:16:45Z" finished-at="2018-09-04T15:16:46Z">
          <reporter-output>
          </reporter-output>
        </test-method> <!-- teardown -->
      </class> <!-- com.mascamo.qa.testcases.HomePageTest -->
    </test> <!-- Default test -->
  </suite> <!-- Default suite -->
</testng-results>
