<?xml version="1.0" encoding="UTF-8"?>
<!-- Generated by org.testng.reporters.JUnitXMLReporter -->
<testsuite hostname="BDC11-L-7200HHJ" name="Free mascamo CRM test cases sanity " tests="3" failures="0" timestamp="18 Aug 2018 12:10:34 GMT" time="42.614" errors="0">
  <testcase name="loginpagetitletest" time="0.04" classname="com.mascamo.qa.testcases.LoginPageTest"/>
  <testcase name="loginpageCRMimage" time="0.103" classname="com.mascamo.qa.testcases.LoginPageTest"/>
  <testcase name="loginTest" time="20.942" classname="com.mascamo.qa.testcases.LoginPageTest"/>
</testsuite> <!-- Free mascamo CRM test cases sanity  -->
